<?xml version="1.0" encoding="UTF-8"?>
<testsuite name="JUnit Platform Suite" tests="34" skipped="0" failures="0" errors="0" time="0.126" hostname="DESKTOP-KNI62B3" timestamp="2022-12-18T12:04:59">
<properties>
<property name="file.encoding" value="Cp1251"/>
<property name="file.separator" value="\"/>
<property name="java.class.path" value="libs/junit-platform-console-standalone-1.9.1.jar"/>
<property name="java.class.version" value="61.0"/>
<property name="java.home" value="C:\Program Files\Java\jdk-17.0.4.1"/>
<property name="java.io.tmpdir" value="C:\Users\Admin\AppData\Local\Temp\"/>
<property name="java.library.path" value="C:\Program Files\Java\jdk-17.0.4.1\bin;C:\WINDOWS\Sun\Java\bin;C:\WINDOWS\system32;C:\WINDOWS;C:\Program Files\Git\mingw64\bin;C:\Program Files\Git\usr\bin;C:\Users\Admin\bin;C:\Program Files\Common Files\Oracle\Java\javapath;C:\Program Files (x86)\VMware\VMware Workstation\bin\;C:\WINDOWS\system32;C:\WINDOWS;C:\WINDOWS\System32\Wbem;C:\WINDOWS\System32\WindowsPowerShell\v1.0\;C:\WINDOWS\System32\OpenSSH\;C:\Program Files\Git\cmd;C:\Program Files\MySQL\MySQL Shell 8.0\bin\;C:\Users\Admin\AppData\Local\Microsoft\WindowsApps;C:\Users\Admin\AppData\Local\GitHubDesktop\bin;."/>
<property name="java.runtime.name" value="Java(TM) SE Runtime Environment"/>
<property name="java.runtime.version" value="17.0.4.1+1-LTS-2"/>
<property name="java.specification.name" value="Java Platform API Specification"/>
<property name="java.specification.vendor" value="Oracle Corporation"/>
<property name="java.specification.version" value="17"/>
<property name="java.vendor" value="Oracle Corporation"/>
<property name="java.vendor.url" value="https://java.oracle.com/"/>
<property name="java.vendor.url.bug" value="https://bugreport.java.com/bugreport/"/>
<property name="java.version" value="17.0.4.1"/>
<property name="java.version.date" value="2022-08-18"/>
<property name="java.vm.compressedOopsMode" value="Zero based"/>
<property name="java.vm.info" value="mixed mode, sharing"/>
<property name="java.vm.name" value="Java HotSpot(TM) 64-Bit Server VM"/>
<property name="java.vm.specification.name" value="Java Virtual Machine Specification"/>
<property name="java.vm.specification.vendor" value="Oracle Corporation"/>
<property name="java.vm.specification.version" value="17"/>
<property name="java.vm.vendor" value="Oracle Corporation"/>
<property name="java.vm.version" value="17.0.4.1+1-LTS-2"/>
<property name="jdk.debug" value="release"/>
<property name="line.separator" value="
"/>
<property name="native.encoding" value="Cp1251"/>
<property name="os.arch" value="amd64"/>
<property name="os.name" value="Windows 11"/>
<property name="os.version" value="10.0"/>
<property name="path.separator" value=";"/>
<property name="sun.arch.data.model" value="64"/>
<property name="sun.boot.library.path" value="C:\Program Files\Java\jdk-17.0.4.1\bin"/>
<property name="sun.cpu.endian" value="little"/>
<property name="sun.cpu.isalist" value="amd64"/>
<property name="sun.io.unicode.encoding" value="UnicodeLittle"/>
<property name="sun.java.command" value="libs/junit-platform-console-standalone-1.9.1.jar -cp out -c TestRunner -reports-dir logs"/>
<property name="sun.java.launcher" value="SUN_STANDARD"/>
<property name="sun.jnu.encoding" value="Cp1251"/>
<property name="sun.management.compiler" value="HotSpot 64-Bit Tiered Compilers"/>
<property name="sun.os.patch.level" value=""/>
<property name="sun.stderr.encoding" value="cp866"/>
<property name="sun.stdout.encoding" value="cp866"/>
<property name="user.country" value="US"/>
<property name="user.country.format" value="UA"/>
<property name="user.dir" value="E:\Own\Hillel\HomeWork\Lesson_17_StreamAPI\Task_17_UnitTesting"/>
<property name="user.home" value="C:\Users\Admin"/>
<property name="user.language" value="en"/>
<property name="user.language.format" value="uk"/>
<property name="user.name" value="Admin"/>
<property name="user.script" value=""/>
<property name="user.timezone" value="Europe/Kiev"/>
<property name="user.variant" value=""/>
</properties>
<testcase name="with_only_4_only_1_and_4_test(int[], boolean)[3]" classname="MainTest" time="0">
<system-out><![CDATA[
unique-id: [engine:junit-platform-suite]/[suite:TestRunner]/[engine:junit-jupiter]/[class:MainTest]/[test-template:with_only_4_only_1_and_4_test(%5BI, boolean)]/[test-template-invocation:#3]
display-name: Result with parameters [4, 4, 4] should be false
]]></system-out>
</testcase>
<testcase name="with_only_4_only_1_and_4_test(int[], boolean)[2]" classname="MainTest" time="0">
<system-out><![CDATA[
unique-id: [engine:junit-platform-suite]/[suite:TestRunner]/[engine:junit-jupiter]/[class:MainTest]/[test-template:with_only_4_only_1_and_4_test(%5BI, boolean)]/[test-template-invocation:#2]
display-name: Result with parameters [4, 4, 4, 4, 4, 4, 4] should be false
]]></system-out>
</testcase>
<testcase name="with_only_4_only_1_and_4_test(int[], boolean)[1]" classname="MainTest" time="0.004">
<system-out><![CDATA[
unique-id: [engine:junit-platform-suite]/[suite:TestRunner]/[engine:junit-jupiter]/[class:MainTest]/[test-template:with_only_4_only_1_and_4_test(%5BI, boolean)]/[test-template-invocation:#1]
display-name: Result with parameters [4] should be false
]]></system-out>
</testcase>
<testcase name="with_only_1_only_1_and_4_test(int[], boolean)[3]" classname="MainTest" time="0">
<system-out><![CDATA[
unique-id: [engine:junit-platform-suite]/[suite:TestRunner]/[engine:junit-jupiter]/[class:MainTest]/[test-template:with_only_1_only_1_and_4_test(%5BI, boolean)]/[test-template-invocation:#3]
display-name: Result with parameters [1] should be false
]]></system-out>
</testcase>
<testcase name="with_only_1_only_1_and_4_test(int[], boolean)[2]" classname="MainTest" time="0.015">
<system-out><![CDATA[
unique-id: [engine:junit-platform-suite]/[suite:TestRunner]/[engine:junit-jupiter]/[class:MainTest]/[test-template:with_only_1_only_1_and_4_test(%5BI, boolean)]/[test-template-invocation:#2]
display-name: Result with parameters [1, 1, 1, 1, 1, 1, 1] should be false
]]></system-out>
</testcase>
<testcase name="reverse_add_direction_test(double, double, double)[1]" classname="SimpleMathLibraryTest" time="0">
<system-out><![CDATA[
unique-id: [engine:junit-platform-suite]/[suite:TestRunner]/[engine:junit-jupiter]/[class:SimpleMathLibraryTest]/[test-template:reverse_add_direction_test(double, double, double)]/[test-template-invocation:#1]
display-name: Test with parameters 5.0 and 2.0 should be 7.0
]]></system-out>
</testcase>
<testcase name="with_only_1_only_1_and_4_test(int[], boolean)[1]" classname="MainTest" time="0.015">
<system-out><![CDATA[
unique-id: [engine:junit-platform-suite]/[suite:TestRunner]/[engine:junit-jupiter]/[class:MainTest]/[test-template:with_only_1_only_1_and_4_test(%5BI, boolean)]/[test-template-invocation:#1]
display-name: Result with parameters [1, 1, 1, 1] should be false
]]></system-out>
</testcase>
<testcase name="with_less_than_zero_add_test(double, double, double)[2]" classname="SimpleMathLibraryTest" time="0">
<system-out><![CDATA[
unique-id: [engine:junit-platform-suite]/[suite:TestRunner]/[engine:junit-jupiter]/[class:SimpleMathLibraryTest]/[test-template:with_less_than_zero_add_test(double, double, double)]/[test-template-invocation:#2]
display-name: Test with parameters 8.1 and -124.5 should be -116.4
]]></system-out>
</testcase>
<testcase name="with_less_than_zero_add_test(double, double, double)[1]" classname="SimpleMathLibraryTest" time="0">
<system-out><![CDATA[
unique-id: [engine:junit-platform-suite]/[suite:TestRunner]/[engine:junit-jupiter]/[class:SimpleMathLibraryTest]/[test-template:with_less_than_zero_add_test(double, double, double)]/[test-template-invocation:#1]
display-name: Test with parameters -5.0 and 2.0 should be -3.0
]]></system-out>
</testcase>
<testcase name="when_4_is_last_get_all_elements_after_last_4_test(int[], int[])[2]" classname="MainTest" time="0">
<system-out><![CDATA[
unique-id: [engine:junit-platform-suite]/[suite:TestRunner]/[engine:junit-jupiter]/[class:MainTest]/[test-template:when_4_is_last_get_all_elements_after_last_4_test(%5BI, %5BI)]/[test-template-invocation:#2]
display-name: Result with parameters [22, 0, 0, 4, 0, 8, 4] should be []
]]></system-out>
</testcase>
<testcase name="reverse_add_direction_test(double, double, double)[2]" classname="SimpleMathLibraryTest" time="0">
<system-out><![CDATA[
unique-id: [engine:junit-platform-suite]/[suite:TestRunner]/[engine:junit-jupiter]/[class:SimpleMathLibraryTest]/[test-template:reverse_add_direction_test(double, double, double)]/[test-template-invocation:#2]
display-name: Test with parameters 8.1 and 124.5 should be 132.6
]]></system-out>
</testcase>
<testcase name="when_4_is_last_get_all_elements_after_last_4_test(int[], int[])[3]" classname="MainTest" time="0">
<system-out><![CDATA[
unique-id: [engine:junit-platform-suite]/[suite:TestRunner]/[engine:junit-jupiter]/[class:MainTest]/[test-template:when_4_is_last_get_all_elements_after_last_4_test(%5BI, %5BI)]/[test-template-invocation:#3]
display-name: Result with parameters [4, 0, 0, 7, 0, 4, 4] should be []
]]></system-out>
</testcase>
<testcase name="reverse_add_direction_test(double, double, double)[3]" classname="SimpleMathLibraryTest" time="0">
<system-out><![CDATA[
unique-id: [engine:junit-platform-suite]/[suite:TestRunner]/[engine:junit-jupiter]/[class:SimpleMathLibraryTest]/[test-template:reverse_add_direction_test(double, double, double)]/[test-template-invocation:#3]
display-name: Test with parameters 875.25 and 1002.0 should be 1877.25
]]></system-out>
</testcase>
<testcase name="when_4_is_last_get_all_elements_after_last_4_test(int[], int[])[1]" classname="MainTest" time="0">
<system-out><![CDATA[
unique-id: [engine:junit-platform-suite]/[suite:TestRunner]/[engine:junit-jupiter]/[class:MainTest]/[test-template:when_4_is_last_get_all_elements_after_last_4_test(%5BI, %5BI)]/[test-template-invocation:#1]
display-name: Result with parameters [4, 0, 0, 7, 0, 8, 4] should be []
]]></system-out>
</testcase>
<testcase name="typical_only_1_and_4_test(int[], boolean)[2]" classname="MainTest" time="0">
<system-out><![CDATA[
unique-id: [engine:junit-platform-suite]/[suite:TestRunner]/[engine:junit-jupiter]/[class:MainTest]/[test-template:typical_only_1_and_4_test(%5BI, boolean)]/[test-template-invocation:#2]
display-name: Result with parameters [1, 1, 1, 1, 4] should be true
]]></system-out>
</testcase>
<testcase name="typical_only_1_and_4_test(int[], boolean)[1]" classname="MainTest" time="0">
<system-out><![CDATA[
unique-id: [engine:junit-platform-suite]/[suite:TestRunner]/[engine:junit-jupiter]/[class:MainTest]/[test-template:typical_only_1_and_4_test(%5BI, boolean)]/[test-template-invocation:#1]
display-name: Result with parameters [1, 4, 4, 4, 4] should be true
]]></system-out>
</testcase>
<testcase name="typical_only_1_and_4_test(int[], boolean)[4]" classname="MainTest" time="0">
<system-out><![CDATA[
unique-id: [engine:junit-platform-suite]/[suite:TestRunner]/[engine:junit-jupiter]/[class:MainTest]/[test-template:typical_only_1_and_4_test(%5BI, boolean)]/[test-template-invocation:#4]
display-name: Result with parameters [4, 1, 4, 1, 4, 1] should be true
]]></system-out>
</testcase>
<testcase name="typical_only_1_and_4_test(int[], boolean)[3]" classname="MainTest" time="0">
<system-out><![CDATA[
unique-id: [engine:junit-platform-suite]/[suite:TestRunner]/[engine:junit-jupiter]/[class:MainTest]/[test-template:typical_only_1_and_4_test(%5BI, boolean)]/[test-template-invocation:#3]
display-name: Result with parameters [1, 1, 1, 4, 4] should be true
]]></system-out>
</testcase>
<testcase name="with_less_than_zero_add_test(double, double, double)[3]" classname="SimpleMathLibraryTest" time="0">
<system-out><![CDATA[
unique-id: [engine:junit-platform-suite]/[suite:TestRunner]/[engine:junit-jupiter]/[class:SimpleMathLibraryTest]/[test-template:with_less_than_zero_add_test(double, double, double)]/[test-template-invocation:#3]
display-name: Test with parameters -875.25 and 1002.0 should be 126.75
]]></system-out>
</testcase>
<testcase name="with_others_numbers_only_1_and_4_test(int[], boolean)[1]" classname="MainTest" time="0.015">
<system-out><![CDATA[
unique-id: [engine:junit-platform-suite]/[suite:TestRunner]/[engine:junit-jupiter]/[class:MainTest]/[test-template:with_others_numbers_only_1_and_4_test(%5BI, boolean)]/[test-template-invocation:#1]
display-name: Result with parameters [4, 1, 1, 1, 4, 2, 1, 4] should be false
]]></system-out>
</testcase>
<testcase name="typical_add_test(double, double, double)[2]" classname="SimpleMathLibraryTest" time="0">
<system-out><![CDATA[
unique-id: [engine:junit-platform-suite]/[suite:TestRunner]/[engine:junit-jupiter]/[class:SimpleMathLibraryTest]/[test-template:typical_add_test(double, double, double)]/[test-template-invocation:#2]
display-name: Test with parameters 124.5 and 8.1 should be 132.6
]]></system-out>
</testcase>
<testcase name="minuend_great_than_subtrahend_minus_test(double, double, double)[3]" classname="SimpleMathLibraryTest" time="0">
<system-out><![CDATA[
unique-id: [engine:junit-platform-suite]/[suite:TestRunner]/[engine:junit-jupiter]/[class:SimpleMathLibraryTest]/[test-template:minuend_great_than_subtrahend_minus_test(double, double, double)]/[test-template-invocation:#3]
display-name: Test with parameters 12.5 and 25.0 should be -12.5
]]></system-out>
</testcase>
<testcase name="typical_add_test(double, double, double)[3]" classname="SimpleMathLibraryTest" time="0">
<system-out><![CDATA[
unique-id: [engine:junit-platform-suite]/[suite:TestRunner]/[engine:junit-jupiter]/[class:SimpleMathLibraryTest]/[test-template:typical_add_test(double, double, double)]/[test-template-invocation:#3]
display-name: Test with parameters 1002.0 and 875.25 should be 1877.25
]]></system-out>
</testcase>
<testcase name="minuend_great_than_subtrahend_minus_test(double, double, double)[2]" classname="SimpleMathLibraryTest" time="0">
<system-out><![CDATA[
unique-id: [engine:junit-platform-suite]/[suite:TestRunner]/[engine:junit-jupiter]/[class:SimpleMathLibraryTest]/[test-template:minuend_great_than_subtrahend_minus_test(double, double, double)]/[test-template-invocation:#2]
display-name: Test with parameters 0.0 and 12.9 should be -12.9
]]></system-out>
</testcase>
<testcase name="with_others_numbers_only_1_and_4_test(int[], boolean)[3]" classname="MainTest" time="0">
<system-out><![CDATA[
unique-id: [engine:junit-platform-suite]/[suite:TestRunner]/[engine:junit-jupiter]/[class:MainTest]/[test-template:with_others_numbers_only_1_and_4_test(%5BI, boolean)]/[test-template-invocation:#3]
display-name: Result with parameters [-365] should be false
]]></system-out>
</testcase>
<testcase name="with_others_numbers_only_1_and_4_test(int[], boolean)[2]" classname="MainTest" time="0">
<system-out><![CDATA[
unique-id: [engine:junit-platform-suite]/[suite:TestRunner]/[engine:junit-jupiter]/[class:MainTest]/[test-template:with_others_numbers_only_1_and_4_test(%5BI, boolean)]/[test-template-invocation:#2]
display-name: Result with parameters [4, 1, 55, 1, 4] should be false
]]></system-out>
</testcase>
<testcase name="typical_add_test(double, double, double)[1]" classname="SimpleMathLibraryTest" time="0">
<system-out><![CDATA[
unique-id: [engine:junit-platform-suite]/[suite:TestRunner]/[engine:junit-jupiter]/[class:SimpleMathLibraryTest]/[test-template:typical_add_test(double, double, double)]/[test-template-invocation:#1]
display-name: Test with parameters 2.0 and 5.0 should be 7.0
]]></system-out>
</testcase>
<testcase name="typical_get_all_elements_after_last_4_test(int[], int[])[2]" classname="MainTest" time="0">
<system-out><![CDATA[
unique-id: [engine:junit-platform-suite]/[suite:TestRunner]/[engine:junit-jupiter]/[class:MainTest]/[test-template:typical_get_all_elements_after_last_4_test(%5BI, %5BI)]/[test-template-invocation:#2]
display-name: Result with parameters [22, 0, 0, 4, 0, 8, 5] should be [0, 8, 5]
]]></system-out>
</testcase>
<testcase name="typical_get_all_elements_after_last_4_test(int[], int[])[1]" classname="MainTest" time="0">
<system-out><![CDATA[
unique-id: [engine:junit-platform-suite]/[suite:TestRunner]/[engine:junit-jupiter]/[class:MainTest]/[test-template:typical_get_all_elements_after_last_4_test(%5BI, %5BI)]/[test-template-invocation:#1]
display-name: Result with parameters [4, 0, 0, 7, 0, 8, 5] should be [0, 0, 7, 0, 8, 5]
]]></system-out>
</testcase>
<testcase name="typical_get_all_elements_after_last_4_test(int[], int[])[3]" classname="MainTest" time="0">
<system-out><![CDATA[
unique-id: [engine:junit-platform-suite]/[suite:TestRunner]/[engine:junit-jupiter]/[class:MainTest]/[test-template:typical_get_all_elements_after_last_4_test(%5BI, %5BI)]/[test-template-invocation:#3]
display-name: Result with parameters [4, 0, 0, 7, 0, 4, 5] should be [5]
]]></system-out>
</testcase>
<testcase name="minuend_great_than_subtrahend_minus_test(double, double, double)[1]" classname="SimpleMathLibraryTest" time="0">
<system-out><![CDATA[
unique-id: [engine:junit-platform-suite]/[suite:TestRunner]/[engine:junit-jupiter]/[class:SimpleMathLibraryTest]/[test-template:minuend_great_than_subtrahend_minus_test(double, double, double)]/[test-template-invocation:#1]
display-name: Test with parameters 0.0 and 5.0 should be -5.0
]]></system-out>
</testcase>
<testcase name="typical_minus_test(double, double, double)[1]" classname="SimpleMathLibraryTest" time="0">
<system-out><![CDATA[
unique-id: [engine:junit-platform-suite]/[suite:TestRunner]/[engine:junit-jupiter]/[class:SimpleMathLibraryTest]/[test-template:typical_minus_test(double, double, double)]/[test-template-invocation:#1]
display-name: Test with parameters 5.0 and 2.0 should be 3.0
]]></system-out>
</testcase>
<testcase name="typical_minus_test(double, double, double)[2]" classname="SimpleMathLibraryTest" time="0">
<system-out><![CDATA[
unique-id: [engine:junit-platform-suite]/[suite:TestRunner]/[engine:junit-jupiter]/[class:SimpleMathLibraryTest]/[test-template:typical_minus_test(double, double, double)]/[test-template-invocation:#2]
display-name: Test with parameters 124.5 and 124.5 should be 0.0
]]></system-out>
</testcase>
<testcase name="typical_minus_test(double, double, double)[3]" classname="SimpleMathLibraryTest" time="0">
<system-out><![CDATA[
unique-id: [engine:junit-platform-suite]/[suite:TestRunner]/[engine:junit-jupiter]/[class:SimpleMathLibraryTest]/[test-template:typical_minus_test(double, double, double)]/[test-template-invocation:#3]
display-name: Test with parameters 1002.0 and 875.25 should be 126.75
]]></system-out>
</testcase>
<system-out><![CDATA[
unique-id: [engine:junit-platform-suite]
display-name: JUnit Platform Suite
]]></system-out>
</testsuite>
